<?xml version="1.0" encoding="UTF-8"?>
<testsuite xmlns:xsi="http://www.w3.org/2001/XMLSchema-instance" xsi:noNamespaceSchemaLocation="https://maven.apache.org/surefire/maven-surefire-plugin/xsd/surefire-test-report.xsd" name="com.winnertech.point_click.PointClickApplicationTests" time="18.689" tests="1" errors="0" skipped="0" failures="0">
  <properties>
    <property name="java.specification.version" value="14"/>
    <property name="sun.jnu.encoding" value="UTF-8"/>
    <property name="java.class.path" value="/Users/esmc/Documents/workspace-spring-tool-suite-4-4.13.0.RELEASE/point_click_server/target/test-classes:/Users/esmc/Documents/workspace-spring-tool-suite-4-4.13.0.RELEASE/point_click_server/target/classes:/Users/esmc/.m2/repository/org/springframework/boot/spring-boot-starter-data-jpa/2.5.9/spring-boot-starter-data-jpa-2.5.9.jar:/Users/esmc/.m2/repository/org/springframework/boot/spring-boot-starter-aop/2.5.9/spring-boot-starter-aop-2.5.9.jar:/Users/esmc/.m2/repository/org/aspectj/aspectjweaver/1.9.7/aspectjweaver-1.9.7.jar:/Users/esmc/.m2/repository/org/springframework/boot/spring-boot-starter-jdbc/2.5.9/spring-boot-starter-jdbc-2.5.9.jar:/Users/esmc/.m2/repository/com/zaxxer/HikariCP/4.0.3/HikariCP-4.0.3.jar:/Users/esmc/.m2/repository/org/springframework/spring-jdbc/5.3.15/spring-jdbc-5.3.15.jar:/Users/esmc/.m2/repository/jakarta/transaction/jakarta.transaction-api/1.3.3/jakarta.transaction-api-1.3.3.jar:/Users/esmc/.m2/repository/jakarta/persistence/jakarta.persistence-api/2.2.3/jakarta.persistence-api-2.2.3.jar:/Users/esmc/.m2/repository/org/hibernate/hibernate-core/5.4.33/hibernate-core-5.4.33.jar:/Users/esmc/.m2/repository/org/jboss/logging/jboss-logging/3.4.3.Final/jboss-logging-3.4.3.Final.jar:/Users/esmc/.m2/repository/org/javassist/javassist/3.27.0-GA/javassist-3.27.0-GA.jar:/Users/esmc/.m2/repository/net/bytebuddy/byte-buddy/1.10.22/byte-buddy-1.10.22.jar:/Users/esmc/.m2/repository/antlr/antlr/2.7.7/antlr-2.7.7.jar:/Users/esmc/.m2/repository/org/jboss/jandex/2.2.3.Final/jandex-2.2.3.Final.jar:/Users/esmc/.m2/repository/com/fasterxml/classmate/1.5.1/classmate-1.5.1.jar:/Users/esmc/.m2/repository/org/dom4j/dom4j/2.1.3/dom4j-2.1.3.jar:/Users/esmc/.m2/repository/org/hibernate/common/hibernate-commons-annotations/5.1.2.Final/hibernate-commons-annotations-5.1.2.Final.jar:/Users/esmc/.m2/repository/org/glassfish/jaxb/jaxb-runtime/2.3.5/jaxb-runtime-2.3.5.jar:/Users/esmc/.m2/repository/org/glassfish/jaxb/txw2/2.3.5/txw2-2.3.5.jar:/Users/esmc/.m2/repository/com/sun/istack/istack-commons-runtime/3.0.12/istack-commons-runtime-3.0.12.jar:/Users/esmc/.m2/repository/com/sun/activation/jakarta.activation/1.2.2/jakarta.activation-1.2.2.jar:/Users/esmc/.m2/repository/org/springframework/data/spring-data-jpa/2.5.8/spring-data-jpa-2.5.8.jar:/Users/esmc/.m2/repository/org/springframework/data/spring-data-commons/2.5.8/spring-data-commons-2.5.8.jar:/Users/esmc/.m2/repository/org/springframework/spring-orm/5.3.15/spring-orm-5.3.15.jar:/Users/esmc/.m2/repository/org/springframework/spring-context/5.3.15/spring-context-5.3.15.jar:/Users/esmc/.m2/repository/org/springframework/spring-tx/5.3.15/spring-tx-5.3.15.jar:/Users/esmc/.m2/repository/org/springframework/spring-beans/5.3.15/spring-beans-5.3.15.jar:/Users/esmc/.m2/repository/org/springframework/spring-aspects/5.3.15/spring-aspects-5.3.15.jar:/Users/esmc/.m2/repository/org/springframework/boot/spring-boot-starter-thymeleaf/2.5.9/spring-boot-starter-thymeleaf-2.5.9.jar:/Users/esmc/.m2/repository/org/springframework/boot/spring-boot-starter/2.5.9/spring-boot-starter-2.5.9.jar:/Users/esmc/.m2/repository/org/springframework/boot/spring-boot/2.5.9/spring-boot-2.5.9.jar:/Users/esmc/.m2/repository/org/springframework/boot/spring-boot-autoconfigure/2.5.9/spring-boot-autoconfigure-2.5.9.jar:/Users/esmc/.m2/repository/org/springframework/boot/spring-boot-starter-logging/2.5.9/spring-boot-starter-logging-2.5.9.jar:/Users/esmc/.m2/repository/ch/qos/logback/logback-classic/1.2.10/logback-classic-1.2.10.jar:/Users/esmc/.m2/repository/ch/qos/logback/logback-core/1.2.10/logback-core-1.2.10.jar:/Users/esmc/.m2/repository/org/apache/logging/log4j/log4j-to-slf4j/2.17.1/log4j-to-slf4j-2.17.1.jar:/Users/esmc/.m2/repository/org/apache/logging/log4j/log4j-api/2.17.1/log4j-api-2.17.1.jar:/Users/esmc/.m2/repository/org/slf4j/jul-to-slf4j/1.7.33/jul-to-slf4j-1.7.33.jar:/Users/esmc/.m2/repository/jakarta/annotation/jakarta.annotation-api/1.3.5/jakarta.annotation-api-1.3.5.jar:/Users/esmc/.m2/repository/org/yaml/snakeyaml/1.28/snakeyaml-1.28.jar:/Users/esmc/.m2/repository/org/thymeleaf/thymeleaf-spring5/3.0.14.RELEASE/thymeleaf-spring5-3.0.14.RELEASE.jar:/Users/esmc/.m2/repository/org/thymeleaf/thymeleaf/3.0.14.RELEASE/thymeleaf-3.0.14.RELEASE.jar:/Users/esmc/.m2/repository/org/attoparser/attoparser/2.0.5.RELEASE/attoparser-2.0.5.RELEASE.jar:/Users/esmc/.m2/repository/org/unbescape/unbescape/1.1.6.RELEASE/unbescape-1.1.6.RELEASE.jar:/Users/esmc/.m2/repository/org/thymeleaf/extras/thymeleaf-extras-java8time/3.0.4.RELEASE/thymeleaf-extras-java8time-3.0.4.RELEASE.jar:/Users/esmc/.m2/repository/org/springframework/boot/spring-boot-starter-web/2.5.9/spring-boot-starter-web-2.5.9.jar:/Users/esmc/.m2/repository/org/springframework/boot/spring-boot-starter-json/2.5.9/spring-boot-starter-json-2.5.9.jar:/Users/esmc/.m2/repository/com/fasterxml/jackson/datatype/jackson-datatype-jdk8/2.12.6/jackson-datatype-jdk8-2.12.6.jar:/Users/esmc/.m2/repository/com/fasterxml/jackson/datatype/jackson-datatype-jsr310/2.12.6/jackson-datatype-jsr310-2.12.6.jar:/Users/esmc/.m2/repository/com/fasterxml/jackson/module/jackson-module-parameter-names/2.12.6/jackson-module-parameter-names-2.12.6.jar:/Users/esmc/.m2/repository/org/springframework/boot/spring-boot-starter-tomcat/2.5.9/spring-boot-starter-tomcat-2.5.9.jar:/Users/esmc/.m2/repository/org/apache/tomcat/embed/tomcat-embed-core/9.0.56/tomcat-embed-core-9.0.56.jar:/Users/esmc/.m2/repository/org/apache/tomcat/embed/tomcat-embed-el/9.0.56/tomcat-embed-el-9.0.56.jar:/Users/esmc/.m2/repository/org/apache/tomcat/embed/tomcat-embed-websocket/9.0.56/tomcat-embed-websocket-9.0.56.jar:/Users/esmc/.m2/repository/org/springframework/spring-web/5.3.15/spring-web-5.3.15.jar:/Users/esmc/.m2/repository/org/springframework/spring-webmvc/5.3.15/spring-webmvc-5.3.15.jar:/Users/esmc/.m2/repository/org/springframework/spring-expression/5.3.15/spring-expression-5.3.15.jar:/Users/esmc/.m2/repository/mysql/mysql-connector-java/8.0.28/mysql-connector-java-8.0.28.jar:/Users/esmc/.m2/repository/org/postgresql/postgresql/42.2.3/postgresql-42.2.3.jar:/Users/esmc/.m2/repository/org/springframework/boot/spring-boot-starter-test/2.5.9/spring-boot-starter-test-2.5.9.jar:/Users/esmc/.m2/repository/org/springframework/boot/spring-boot-test/2.5.9/spring-boot-test-2.5.9.jar:/Users/esmc/.m2/repository/org/springframework/boot/spring-boot-test-autoconfigure/2.5.9/spring-boot-test-autoconfigure-2.5.9.jar:/Users/esmc/.m2/repository/com/jayway/jsonpath/json-path/2.5.0/json-path-2.5.0.jar:/Users/esmc/.m2/repository/net/minidev/json-smart/2.4.7/json-smart-2.4.7.jar:/Users/esmc/.m2/repository/net/minidev/accessors-smart/2.4.7/accessors-smart-2.4.7.jar:/Users/esmc/.m2/repository/org/ow2/asm/asm/9.1/asm-9.1.jar:/Users/esmc/.m2/repository/jakarta/xml/bind/jakarta.xml.bind-api/2.3.3/jakarta.xml.bind-api-2.3.3.jar:/Users/esmc/.m2/repository/jakarta/activation/jakarta.activation-api/1.2.2/jakarta.activation-api-1.2.2.jar:/Users/esmc/.m2/repository/org/assertj/assertj-core/3.19.0/assertj-core-3.19.0.jar:/Users/esmc/.m2/repository/org/hamcrest/hamcrest/2.2/hamcrest-2.2.jar:/Users/esmc/.m2/repository/org/junit/jupiter/junit-jupiter/5.7.2/junit-jupiter-5.7.2.jar:/Users/esmc/.m2/repository/org/junit/jupiter/junit-jupiter-api/5.7.2/junit-jupiter-api-5.7.2.jar:/Users/esmc/.m2/repository/org/apiguardian/apiguardian-api/1.1.0/apiguardian-api-1.1.0.jar:/Users/esmc/.m2/repository/org/opentest4j/opentest4j/1.2.0/opentest4j-1.2.0.jar:/Users/esmc/.m2/repository/org/junit/platform/junit-platform-commons/1.7.2/junit-platform-commons-1.7.2.jar:/Users/esmc/.m2/repository/org/junit/jupiter/junit-jupiter-params/5.7.2/junit-jupiter-params-5.7.2.jar:/Users/esmc/.m2/repository/org/junit/jupiter/junit-jupiter-engine/5.7.2/junit-jupiter-engine-5.7.2.jar:/Users/esmc/.m2/repository/org/junit/platform/junit-platform-engine/1.7.2/junit-platform-engine-1.7.2.jar:/Users/esmc/.m2/repository/org/mockito/mockito-core/3.9.0/mockito-core-3.9.0.jar:/Users/esmc/.m2/repository/net/bytebuddy/byte-buddy-agent/1.10.22/byte-buddy-agent-1.10.22.jar:/Users/esmc/.m2/repository/org/objenesis/objenesis/3.2/objenesis-3.2.jar:/Users/esmc/.m2/repository/org/mockito/mockito-junit-jupiter/3.9.0/mockito-junit-jupiter-3.9.0.jar:/Users/esmc/.m2/repository/org/skyscreamer/jsonassert/1.5.0/jsonassert-1.5.0.jar:/Users/esmc/.m2/repository/com/vaadin/external/google/android-json/0.0.20131108.vaadin1/android-json-0.0.20131108.vaadin1.jar:/Users/esmc/.m2/repository/org/springframework/spring-core/5.3.15/spring-core-5.3.15.jar:/Users/esmc/.m2/repository/org/springframework/spring-jcl/5.3.15/spring-jcl-5.3.15.jar:/Users/esmc/.m2/repository/org/springframework/spring-test/5.3.15/spring-test-5.3.15.jar:/Users/esmc/.m2/repository/org/xmlunit/xmlunit-core/2.8.4/xmlunit-core-2.8.4.jar:/Users/esmc/.m2/repository/commons-io/commons-io/2.4/commons-io-2.4.jar:/Users/esmc/.m2/repository/commons-beanutils/commons-beanutils/1.9.2/commons-beanutils-1.9.2.jar:/Users/esmc/.m2/repository/commons-logging/commons-logging/1.1.1/commons-logging-1.1.1.jar:/Users/esmc/.m2/repository/commons-collections/commons-collections/3.2.1/commons-collections-3.2.1.jar:/Users/esmc/.m2/repository/net/sf/jasperreports/jasperreports/6.17.0/jasperreports-6.17.0.jar:/Users/esmc/.m2/repository/commons-digester/commons-digester/2.1/commons-digester-2.1.jar:/Users/esmc/.m2/repository/org/apache/commons/commons-collections4/4.2/commons-collections4-4.2.jar:/Users/esmc/.m2/repository/com/lowagie/itext/2.1.7.js8/itext-2.1.7.js8.jar:/Users/esmc/.m2/repository/org/bouncycastle/bcprov-jdk15on/1.64/bcprov-jdk15on-1.64.jar:/Users/esmc/.m2/repository/org/jfree/jcommon/1.0.23/jcommon-1.0.23.jar:/Users/esmc/.m2/repository/org/jfree/jfreechart/1.0.19/jfreechart-1.0.19.jar:/Users/esmc/.m2/repository/org/eclipse/jdt/ecj/3.21.0/ecj-3.21.0.jar:/Users/esmc/.m2/repository/org/codehaus/castor/castor-xml/1.4.1/castor-xml-1.4.1.jar:/Users/esmc/.m2/repository/org/codehaus/castor/castor-core/1.4.1/castor-core-1.4.1.jar:/Users/esmc/.m2/repository/org/apache/commons/commons-lang3/3.12.0/commons-lang3-3.12.0.jar:/Users/esmc/.m2/repository/javax/inject/javax.inject/1/javax.inject-1.jar:/Users/esmc/.m2/repository/com/fasterxml/jackson/core/jackson-core/2.12.6/jackson-core-2.12.6.jar:/Users/esmc/.m2/repository/com/fasterxml/jackson/core/jackson-databind/2.12.6/jackson-databind-2.12.6.jar:/Users/esmc/.m2/repository/com/fasterxml/jackson/core/jackson-annotations/2.12.6/jackson-annotations-2.12.6.jar:/Users/esmc/.m2/repository/net/sf/jasperreports/jasperreports-fonts/6.17.0/jasperreports-fonts-6.17.0.jar:/Users/esmc/.m2/repository/org/quartz-scheduler/quartz/2.3.1/quartz-2.3.1.jar:/Users/esmc/.m2/repository/com/mchange/mchange-commons-java/0.2.15/mchange-commons-java-0.2.15.jar:/Users/esmc/.m2/repository/org/slf4j/slf4j-api/1.7.33/slf4j-api-1.7.33.jar:/Users/esmc/.m2/repository/log4j/log4j/1.2.17/log4j-1.2.17.jar:/Users/esmc/.m2/repository/org/slf4j/slf4j-log4j12/1.6.6/slf4j-log4j12-1.6.6.jar:/Users/esmc/.m2/repository/org/apache/poi/poi/3.14/poi-3.14.jar:/Users/esmc/.m2/repository/commons-codec/commons-codec/1.15/commons-codec-1.15.jar:/Users/esmc/.m2/repository/io/jsonwebtoken/jjwt/0.9.0/jjwt-0.9.0.jar:/Users/esmc/.m2/repository/org/springframework/boot/spring-boot-starter-security/2.5.9/spring-boot-starter-security-2.5.9.jar:/Users/esmc/.m2/repository/org/springframework/spring-aop/5.3.15/spring-aop-5.3.15.jar:/Users/esmc/.m2/repository/org/springframework/security/spring-security-config/5.5.4/spring-security-config-5.5.4.jar:/Users/esmc/.m2/repository/org/springframework/security/spring-security-web/5.5.4/spring-security-web-5.5.4.jar:/Users/esmc/.m2/repository/org/thymeleaf/extras/thymeleaf-extras-springsecurity5/3.0.4.RELEASE/thymeleaf-extras-springsecurity5-3.0.4.RELEASE.jar:/Users/esmc/.m2/repository/org/springframework/security/spring-security-test/5.5.4/spring-security-test-5.5.4.jar:/Users/esmc/.m2/repository/org/springframework/security/spring-security-core/5.5.4/spring-security-core-5.5.4.jar:/Users/esmc/.m2/repository/org/springframework/security/spring-security-crypto/5.5.4/spring-security-crypto-5.5.4.jar:/Users/esmc/.m2/repository/com/github/royken/converter/1.1/converter-1.1.jar:"/>
    <property name="java.vm.vendor" value="Oracle Corporation"/>
    <property name="sun.arch.data.model" value="64"/>
    <property name="java.vendor.url" value="https://java.oracle.com/"/>
    <property name="os.name" value="Mac OS X"/>
    <property name="java.vm.specification.version" value="14"/>
    <property name="sun.java.launcher" value="SUN_STANDARD"/>
    <property name="user.country" value="TG"/>
    <property name="sun.boot.library.path" value="/Library/Java/JavaVirtualMachines/jdk-14.0.1.jdk/Contents/Home/lib"/>
    <property name="sun.java.command" value="/Users/esmc/Documents/workspace-spring-tool-suite-4-4.13.0.RELEASE/point_click_server/target/surefire/surefirebooter10699791482580464818.jar /Users/esmc/Documents/workspace-spring-tool-suite-4-4.13.0.RELEASE/point_click_server/target/surefire 2022-04-08T14-30-08_713-jvmRun1 surefire9827532027130334338tmp surefire_07461716962122268531tmp"/>
    <property name="http.nonProxyHosts" value="local|*.local|169.254/16|*.169.254/16"/>
    <property name="jdk.debug" value="release"/>
    <property name="surefire.test.class.path" value="/Users/esmc/Documents/workspace-spring-tool-suite-4-4.13.0.RELEASE/point_click_server/target/test-classes:/Users/esmc/Documents/workspace-spring-tool-suite-4-4.13.0.RELEASE/point_click_server/target/classes:/Users/esmc/.m2/repository/org/springframework/boot/spring-boot-starter-data-jpa/2.5.9/spring-boot-starter-data-jpa-2.5.9.jar:/Users/esmc/.m2/repository/org/springframework/boot/spring-boot-starter-aop/2.5.9/spring-boot-starter-aop-2.5.9.jar:/Users/esmc/.m2/repository/org/aspectj/aspectjweaver/1.9.7/aspectjweaver-1.9.7.jar:/Users/esmc/.m2/repository/org/springframework/boot/spring-boot-starter-jdbc/2.5.9/spring-boot-starter-jdbc-2.5.9.jar:/Users/esmc/.m2/repository/com/zaxxer/HikariCP/4.0.3/HikariCP-4.0.3.jar:/Users/esmc/.m2/repository/org/springframework/spring-jdbc/5.3.15/spring-jdbc-5.3.15.jar:/Users/esmc/.m2/repository/jakarta/transaction/jakarta.transaction-api/1.3.3/jakarta.transaction-api-1.3.3.jar:/Users/esmc/.m2/repository/jakarta/persistence/jakarta.persistence-api/2.2.3/jakarta.persistence-api-2.2.3.jar:/Users/esmc/.m2/repository/org/hibernate/hibernate-core/5.4.33/hibernate-core-5.4.33.jar:/Users/esmc/.m2/repository/org/jboss/logging/jboss-logging/3.4.3.Final/jboss-logging-3.4.3.Final.jar:/Users/esmc/.m2/repository/org/javassist/javassist/3.27.0-GA/javassist-3.27.0-GA.jar:/Users/esmc/.m2/repository/net/bytebuddy/byte-buddy/1.10.22/byte-buddy-1.10.22.jar:/Users/esmc/.m2/repository/antlr/antlr/2.7.7/antlr-2.7.7.jar:/Users/esmc/.m2/repository/org/jboss/jandex/2.2.3.Final/jandex-2.2.3.Final.jar:/Users/esmc/.m2/repository/com/fasterxml/classmate/1.5.1/classmate-1.5.1.jar:/Users/esmc/.m2/repository/org/dom4j/dom4j/2.1.3/dom4j-2.1.3.jar:/Users/esmc/.m2/repository/org/hibernate/common/hibernate-commons-annotations/5.1.2.Final/hibernate-commons-annotations-5.1.2.Final.jar:/Users/esmc/.m2/repository/org/glassfish/jaxb/jaxb-runtime/2.3.5/jaxb-runtime-2.3.5.jar:/Users/esmc/.m2/repository/org/glassfish/jaxb/txw2/2.3.5/txw2-2.3.5.jar:/Users/esmc/.m2/repository/com/sun/istack/istack-commons-runtime/3.0.12/istack-commons-runtime-3.0.12.jar:/Users/esmc/.m2/repository/com/sun/activation/jakarta.activation/1.2.2/jakarta.activation-1.2.2.jar:/Users/esmc/.m2/repository/org/springframework/data/spring-data-jpa/2.5.8/spring-data-jpa-2.5.8.jar:/Users/esmc/.m2/repository/org/springframework/data/spring-data-commons/2.5.8/spring-data-commons-2.5.8.jar:/Users/esmc/.m2/repository/org/springframework/spring-orm/5.3.15/spring-orm-5.3.15.jar:/Users/esmc/.m2/repository/org/springframework/spring-context/5.3.15/spring-context-5.3.15.jar:/Users/esmc/.m2/repository/org/springframework/spring-tx/5.3.15/spring-tx-5.3.15.jar:/Users/esmc/.m2/repository/org/springframework/spring-beans/5.3.15/spring-beans-5.3.15.jar:/Users/esmc/.m2/repository/org/springframework/spring-aspects/5.3.15/spring-aspects-5.3.15.jar:/Users/esmc/.m2/repository/org/springframework/boot/spring-boot-starter-thymeleaf/2.5.9/spring-boot-starter-thymeleaf-2.5.9.jar:/Users/esmc/.m2/repository/org/springframework/boot/spring-boot-starter/2.5.9/spring-boot-starter-2.5.9.jar:/Users/esmc/.m2/repository/org/springframework/boot/spring-boot/2.5.9/spring-boot-2.5.9.jar:/Users/esmc/.m2/repository/org/springframework/boot/spring-boot-autoconfigure/2.5.9/spring-boot-autoconfigure-2.5.9.jar:/Users/esmc/.m2/repository/org/springframework/boot/spring-boot-starter-logging/2.5.9/spring-boot-starter-logging-2.5.9.jar:/Users/esmc/.m2/repository/ch/qos/logback/logback-classic/1.2.10/logback-classic-1.2.10.jar:/Users/esmc/.m2/repository/ch/qos/logback/logback-core/1.2.10/logback-core-1.2.10.jar:/Users/esmc/.m2/repository/org/apache/logging/log4j/log4j-to-slf4j/2.17.1/log4j-to-slf4j-2.17.1.jar:/Users/esmc/.m2/repository/org/apache/logging/log4j/log4j-api/2.17.1/log4j-api-2.17.1.jar:/Users/esmc/.m2/repository/org/slf4j/jul-to-slf4j/1.7.33/jul-to-slf4j-1.7.33.jar:/Users/esmc/.m2/repository/jakarta/annotation/jakarta.annotation-api/1.3.5/jakarta.annotation-api-1.3.5.jar:/Users/esmc/.m2/repository/org/yaml/snakeyaml/1.28/snakeyaml-1.28.jar:/Users/esmc/.m2/repository/org/thymeleaf/thymeleaf-spring5/3.0.14.RELEASE/thymeleaf-spring5-3.0.14.RELEASE.jar:/Users/esmc/.m2/repository/org/thymeleaf/thymeleaf/3.0.14.RELEASE/thymeleaf-3.0.14.RELEASE.jar:/Users/esmc/.m2/repository/org/attoparser/attoparser/2.0.5.RELEASE/attoparser-2.0.5.RELEASE.jar:/Users/esmc/.m2/repository/org/unbescape/unbescape/1.1.6.RELEASE/unbescape-1.1.6.RELEASE.jar:/Users/esmc/.m2/repository/org/thymeleaf/extras/thymeleaf-extras-java8time/3.0.4.RELEASE/thymeleaf-extras-java8time-3.0.4.RELEASE.jar:/Users/esmc/.m2/repository/org/springframework/boot/spring-boot-starter-web/2.5.9/spring-boot-starter-web-2.5.9.jar:/Users/esmc/.m2/repository/org/springframework/boot/spring-boot-starter-json/2.5.9/spring-boot-starter-json-2.5.9.jar:/Users/esmc/.m2/repository/com/fasterxml/jackson/datatype/jackson-datatype-jdk8/2.12.6/jackson-datatype-jdk8-2.12.6.jar:/Users/esmc/.m2/repository/com/fasterxml/jackson/datatype/jackson-datatype-jsr310/2.12.6/jackson-datatype-jsr310-2.12.6.jar:/Users/esmc/.m2/repository/com/fasterxml/jackson/module/jackson-module-parameter-names/2.12.6/jackson-module-parameter-names-2.12.6.jar:/Users/esmc/.m2/repository/org/springframework/boot/spring-boot-starter-tomcat/2.5.9/spring-boot-starter-tomcat-2.5.9.jar:/Users/esmc/.m2/repository/org/apache/tomcat/embed/tomcat-embed-core/9.0.56/tomcat-embed-core-9.0.56.jar:/Users/esmc/.m2/repository/org/apache/tomcat/embed/tomcat-embed-el/9.0.56/tomcat-embed-el-9.0.56.jar:/Users/esmc/.m2/repository/org/apache/tomcat/embed/tomcat-embed-websocket/9.0.56/tomcat-embed-websocket-9.0.56.jar:/Users/esmc/.m2/repository/org/springframework/spring-web/5.3.15/spring-web-5.3.15.jar:/Users/esmc/.m2/repository/org/springframework/spring-webmvc/5.3.15/spring-webmvc-5.3.15.jar:/Users/esmc/.m2/repository/org/springframework/spring-expression/5.3.15/spring-expression-5.3.15.jar:/Users/esmc/.m2/repository/mysql/mysql-connector-java/8.0.28/mysql-connector-java-8.0.28.jar:/Users/esmc/.m2/repository/org/postgresql/postgresql/42.2.3/postgresql-42.2.3.jar:/Users/esmc/.m2/repository/org/springframework/boot/spring-boot-starter-test/2.5.9/spring-boot-starter-test-2.5.9.jar:/Users/esmc/.m2/repository/org/springframework/boot/spring-boot-test/2.5.9/spring-boot-test-2.5.9.jar:/Users/esmc/.m2/repository/org/springframework/boot/spring-boot-test-autoconfigure/2.5.9/spring-boot-test-autoconfigure-2.5.9.jar:/Users/esmc/.m2/repository/com/jayway/jsonpath/json-path/2.5.0/json-path-2.5.0.jar:/Users/esmc/.m2/repository/net/minidev/json-smart/2.4.7/json-smart-2.4.7.jar:/Users/esmc/.m2/repository/net/minidev/accessors-smart/2.4.7/accessors-smart-2.4.7.jar:/Users/esmc/.m2/repository/org/ow2/asm/asm/9.1/asm-9.1.jar:/Users/esmc/.m2/repository/jakarta/xml/bind/jakarta.xml.bind-api/2.3.3/jakarta.xml.bind-api-2.3.3.jar:/Users/esmc/.m2/repository/jakarta/activation/jakarta.activation-api/1.2.2/jakarta.activation-api-1.2.2.jar:/Users/esmc/.m2/repository/org/assertj/assertj-core/3.19.0/assertj-core-3.19.0.jar:/Users/esmc/.m2/repository/org/hamcrest/hamcrest/2.2/hamcrest-2.2.jar:/Users/esmc/.m2/repository/org/junit/jupiter/junit-jupiter/5.7.2/junit-jupiter-5.7.2.jar:/Users/esmc/.m2/repository/org/junit/jupiter/junit-jupiter-api/5.7.2/junit-jupiter-api-5.7.2.jar:/Users/esmc/.m2/repository/org/apiguardian/apiguardian-api/1.1.0/apiguardian-api-1.1.0.jar:/Users/esmc/.m2/repository/org/opentest4j/opentest4j/1.2.0/opentest4j-1.2.0.jar:/Users/esmc/.m2/repository/org/junit/platform/junit-platform-commons/1.7.2/junit-platform-commons-1.7.2.jar:/Users/esmc/.m2/repository/org/junit/jupiter/junit-jupiter-params/5.7.2/junit-jupiter-params-5.7.2.jar:/Users/esmc/.m2/repository/org/junit/jupiter/junit-jupiter-engine/5.7.2/junit-jupiter-engine-5.7.2.jar:/Users/esmc/.m2/repository/org/junit/platform/junit-platform-engine/1.7.2/junit-platform-engine-1.7.2.jar:/Users/esmc/.m2/repository/org/mockito/mockito-core/3.9.0/mockito-core-3.9.0.jar:/Users/esmc/.m2/repository/net/bytebuddy/byte-buddy-agent/1.10.22/byte-buddy-agent-1.10.22.jar:/Users/esmc/.m2/repository/org/objenesis/objenesis/3.2/objenesis-3.2.jar:/Users/esmc/.m2/repository/org/mockito/mockito-junit-jupiter/3.9.0/mockito-junit-jupiter-3.9.0.jar:/Users/esmc/.m2/repository/org/skyscreamer/jsonassert/1.5.0/jsonassert-1.5.0.jar:/Users/esmc/.m2/repository/com/vaadin/external/google/android-json/0.0.20131108.vaadin1/android-json-0.0.20131108.vaadin1.jar:/Users/esmc/.m2/repository/org/springframework/spring-core/5.3.15/spring-core-5.3.15.jar:/Users/esmc/.m2/repository/org/springframework/spring-jcl/5.3.15/spring-jcl-5.3.15.jar:/Users/esmc/.m2/repository/org/springframework/spring-test/5.3.15/spring-test-5.3.15.jar:/Users/esmc/.m2/repository/org/xmlunit/xmlunit-core/2.8.4/xmlunit-core-2.8.4.jar:/Users/esmc/.m2/repository/commons-io/commons-io/2.4/commons-io-2.4.jar:/Users/esmc/.m2/repository/commons-beanutils/commons-beanutils/1.9.2/commons-beanutils-1.9.2.jar:/Users/esmc/.m2/repository/commons-logging/commons-logging/1.1.1/commons-logging-1.1.1.jar:/Users/esmc/.m2/repository/commons-collections/commons-collections/3.2.1/commons-collections-3.2.1.jar:/Users/esmc/.m2/repository/net/sf/jasperreports/jasperreports/6.17.0/jasperreports-6.17.0.jar:/Users/esmc/.m2/repository/commons-digester/commons-digester/2.1/commons-digester-2.1.jar:/Users/esmc/.m2/repository/org/apache/commons/commons-collections4/4.2/commons-collections4-4.2.jar:/Users/esmc/.m2/repository/com/lowagie/itext/2.1.7.js8/itext-2.1.7.js8.jar:/Users/esmc/.m2/repository/org/bouncycastle/bcprov-jdk15on/1.64/bcprov-jdk15on-1.64.jar:/Users/esmc/.m2/repository/org/jfree/jcommon/1.0.23/jcommon-1.0.23.jar:/Users/esmc/.m2/repository/org/jfree/jfreechart/1.0.19/jfreechart-1.0.19.jar:/Users/esmc/.m2/repository/org/eclipse/jdt/ecj/3.21.0/ecj-3.21.0.jar:/Users/esmc/.m2/repository/org/codehaus/castor/castor-xml/1.4.1/castor-xml-1.4.1.jar:/Users/esmc/.m2/repository/org/codehaus/castor/castor-core/1.4.1/castor-core-1.4.1.jar:/Users/esmc/.m2/repository/org/apache/commons/commons-lang3/3.12.0/commons-lang3-3.12.0.jar:/Users/esmc/.m2/repository/javax/inject/javax.inject/1/javax.inject-1.jar:/Users/esmc/.m2/repository/com/fasterxml/jackson/core/jackson-core/2.12.6/jackson-core-2.12.6.jar:/Users/esmc/.m2/repository/com/fasterxml/jackson/core/jackson-databind/2.12.6/jackson-databind-2.12.6.jar:/Users/esmc/.m2/repository/com/fasterxml/jackson/core/jackson-annotations/2.12.6/jackson-annotations-2.12.6.jar:/Users/esmc/.m2/repository/net/sf/jasperreports/jasperreports-fonts/6.17.0/jasperreports-fonts-6.17.0.jar:/Users/esmc/.m2/repository/org/quartz-scheduler/quartz/2.3.1/quartz-2.3.1.jar:/Users/esmc/.m2/repository/com/mchange/mchange-commons-java/0.2.15/mchange-commons-java-0.2.15.jar:/Users/esmc/.m2/repository/org/slf4j/slf4j-api/1.7.33/slf4j-api-1.7.33.jar:/Users/esmc/.m2/repository/log4j/log4j/1.2.17/log4j-1.2.17.jar:/Users/esmc/.m2/repository/org/slf4j/slf4j-log4j12/1.6.6/slf4j-log4j12-1.6.6.jar:/Users/esmc/.m2/repository/org/apache/poi/poi/3.14/poi-3.14.jar:/Users/esmc/.m2/repository/commons-codec/commons-codec/1.15/commons-codec-1.15.jar:/Users/esmc/.m2/repository/io/jsonwebtoken/jjwt/0.9.0/jjwt-0.9.0.jar:/Users/esmc/.m2/repository/org/springframework/boot/spring-boot-starter-security/2.5.9/spring-boot-starter-security-2.5.9.jar:/Users/esmc/.m2/repository/org/springframework/spring-aop/5.3.15/spring-aop-5.3.15.jar:/Users/esmc/.m2/repository/org/springframework/security/spring-security-config/5.5.4/spring-security-config-5.5.4.jar:/Users/esmc/.m2/repository/org/springframework/security/spring-security-web/5.5.4/spring-security-web-5.5.4.jar:/Users/esmc/.m2/repository/org/thymeleaf/extras/thymeleaf-extras-springsecurity5/3.0.4.RELEASE/thymeleaf-extras-springsecurity5-3.0.4.RELEASE.jar:/Users/esmc/.m2/repository/org/springframework/security/spring-security-test/5.5.4/spring-security-test-5.5.4.jar:/Users/esmc/.m2/repository/org/springframework/security/spring-security-core/5.5.4/spring-security-core-5.5.4.jar:/Users/esmc/.m2/repository/org/springframework/security/spring-security-crypto/5.5.4/spring-security-crypto-5.5.4.jar:/Users/esmc/.m2/repository/com/github/royken/converter/1.1/converter-1.1.jar:"/>
    <property name="sun.cpu.endian" value="little"/>
    <property name="user.home" value="/Users/esmc"/>
    <property name="user.language" value="fr"/>
    <property name="java.specification.vendor" value="Oracle Corporation"/>
    <property name="java.version.date" value="2020-04-14"/>
    <property name="java.home" value="/Library/Java/JavaVirtualMachines/jdk-14.0.1.jdk/Contents/Home"/>
    <property name="file.separator" value="/"/>
    <property name="style.color" value="always"/>
    <property name="basedir" value="/Users/esmc/Documents/workspace-spring-tool-suite-4-4.13.0.RELEASE/point_click_server"/>
    <property name="java.vm.compressedOopsMode" value="Zero based"/>
    <property name="line.separator" value="&#10;"/>
    <property name="java.specification.name" value="Java Platform API Specification"/>
    <property name="java.vm.specification.vendor" value="Oracle Corporation"/>
    <property name="surefire.real.class.path" value="/Users/esmc/Documents/workspace-spring-tool-suite-4-4.13.0.RELEASE/point_click_server/target/surefire/surefirebooter10699791482580464818.jar"/>
    <property name="sun.management.compiler" value="HotSpot 64-Bit Tiered Compilers"/>
    <property name="ftp.nonProxyHosts" value="local|*.local|169.254/16|*.169.254/16"/>
    <property name="java.runtime.version" value="14.0.1+7"/>
    <property name="user.name" value="esmc"/>
    <property name="path.separator" value=":"/>
    <property name="os.version" value="10.16"/>
    <property name="java.runtime.name" value="Java(TM) SE Runtime Environment"/>
    <property name="file.encoding" value="UTF-8"/>
    <property name="java.vm.name" value="Java HotSpot(TM) 64-Bit Server VM"/>
    <property name="localRepository" value="/Users/esmc/.m2/repository"/>
    <property name="java.vendor.url.bug" value="https://bugreport.java.com/bugreport/"/>
    <property name="java.io.tmpdir" value="/var/folders/fg/1dhhnjh13c5ghs3cz9cd27xm0000gn/T/"/>
    <property name="java.version" value="14.0.1"/>
    <property name="user.dir" value="/Users/esmc/Documents/workspace-spring-tool-suite-4-4.13.0.RELEASE/point_click_server"/>
    <property name="os.arch" value="x86_64"/>
    <property name="java.vm.specification.name" value="Java Virtual Machine Specification"/>
    <property name="java.library.path" value="/Users/esmc/Library/Java/Extensions:/Library/Java/Extensions:/Network/Library/Java/Extensions:/System/Library/Java/Extensions:/usr/lib/java:."/>
    <property name="java.vm.info" value="mixed mode, sharing"/>
    <property name="java.vendor" value="Oracle Corporation"/>
    <property name="java.vm.version" value="14.0.1+7"/>
    <property name="sun.io.unicode.encoding" value="UnicodeBig"/>
    <property name="socksNonProxyHosts" value="local|*.local|169.254/16|*.169.254/16"/>
    <property name="java.class.version" value="58.0"/>
  </properties>
  <testcase name="contextLoads" classname="com.winnertech.point_click.PointClickApplicationTests" time="0.505"/>
</testsuite>